<?xml version="1.0" encoding="UTF-8"?>
<!-- Generated by org.testng.reporters.JUnitXMLReporter -->
<testsuite hostname="Ashan" ignored="4" name="EmployeesRestAPITest" tests="5" failures="3" timestamp="2020-10-20T11:46:25 IST" time="33.425" errors="0">
  <testcase name="TC001_Get_All_Employees_D" time="0.144" classname="com.employeeapi.testCases.TC001_Get_All_Employees"/>
  <testcase name="TC002_Get_Single_Employee_Recrd" time="0.011" classname="com.employeeapi.testCases.TC002_Get_Single_Employee_Record"/>
  <testcase name="TC003_Post_Employee_Recrd" time="0.025" classname="com.employeeapi.testCases.TC003_Post_Employee_Record">
    <failure type="java.lang.NumberFormatException" message="null">
      <![CDATA[java.lang.NumberFormatException: null
at java.lang.Integer.parseInt(Integer.java:542)
at java.lang.Integer.parseInt(Integer.java:615)
at com.employeeapi.testCases.TC003_Post_Employee_Record.TC003_Post_Employee_Recrd(TC003_Post_Employee_Record.java:123)
at java.util.ArrayList.forEach(ArrayList.java:1257)
... Removed 31 stack frames]]>
    </failure>
  </testcase> <!-- TC003_Post_Employee_Recrd -->
  <testcase name="TC004_Put_Employee_Recrd" time="0.019" classname="com.employeeapi.testCases.TC004_Put_Employee_Record">
    <failure type="java.lang.NumberFormatException" message="null">
      <![CDATA[java.lang.NumberFormatException: null
at java.lang.Integer.parseInt(Integer.java:542)
at java.lang.Integer.parseInt(Integer.java:615)
at com.employeeapi.testCases.TC004_Put_Employee_Record.TC004_Put_Employee_Recrd(TC004_Put_Employee_Record.java:123)
at java.util.ArrayList.forEach(ArrayList.java:1257)
... Removed 31 stack frames]]>
    </failure>
  </testcase> <!-- TC004_Put_Employee_Recrd -->
  <testcase name="TC005_Delete_Employee_Recrd" time="0.023" classname="com.employeeapi.testCases.TC005_Delete_Employee_Record">
    <failure type="java.lang.NumberFormatException" message="null">
      <![CDATA[java.lang.NumberFormatException: null
at java.lang.Integer.parseInt(Integer.java:542)
at java.lang.Integer.parseInt(Integer.java:615)
at com.employeeapi.testCases.TC005_Delete_Employee_Record.TC005_Delete_Employee_Recrd(TC005_Delete_Employee_Record.java:105)
at java.util.ArrayList.forEach(ArrayList.java:1257)
... Removed 31 stack frames]]>
    </failure>
  </testcase> <!-- TC005_Delete_Employee_Recrd -->
  <testcase name="@BeforeTest report" time="0.0" classname="com.employeeapi.utilities.ExtReport">
    <ignored/>
  </testcase> <!-- @BeforeTest report -->
  <testcase name="@BeforeTest report" time="0.0" classname="com.employeeapi.utilities.ExtReport">
    <ignored/>
  </testcase> <!-- @BeforeTest report -->
  <testcase name="@BeforeTest report" time="0.0" classname="com.employeeapi.utilities.ExtReport">
    <ignored/>
  </testcase> <!-- @BeforeTest report -->
  <testcase name="@BeforeTest report" time="0.0" classname="com.employeeapi.utilities.ExtReport">
    <ignored/>
  </testcase> <!-- @BeforeTest report -->
</testsuite> <!-- EmployeesRestAPITest -->
