<?xml version="1.0" encoding="UTF-8"?>
<testng-results skipped="0" failed="3" ignored="4" total="9" passed="2">
  <reporter-output>
  </reporter-output>
  <suite name="EmployeesRestAPISuite" duration-ms="33425" started-at="2020-10-20T11:45:51 IST" finished-at="2020-10-20T11:46:25 IST">
    <groups>
    </groups>
    <test name="EmployeesRestAPITest" duration-ms="33425" started-at="2020-10-20T11:45:51 IST" finished-at="2020-10-20T11:46:25 IST">
      <class name="com.employeeapi.testCases.TC003_Post_Employee_Record">
        <test-method status="PASS" signature="setup()[pri:0, instance:com.employeeapi.testCases.TC003_Post_Employee_Record@5abca1e0]" name="setup" is-config="true" duration-ms="2" started-at="2020-10-20T11:46:06 IST" finished-at="2020-10-20T11:46:06 IST">
          <reporter-output>
          </reporter-output>
        </test-method> <!-- setup -->
        <test-method status="PASS" signature="createEmployee()[pri:0, instance:com.employeeapi.testCases.TC003_Post_Employee_Record@5abca1e0]" name="createEmployee" is-config="true" duration-ms="6135" started-at="2020-10-20T11:46:06 IST" finished-at="2020-10-20T11:46:12 IST">
          <reporter-output>
          </reporter-output>
        </test-method> <!-- createEmployee -->
        <test-method status="FAIL" signature="TC003_Post_Employee_Recrd()[pri:0, instance:com.employeeapi.testCases.TC003_Post_Employee_Record@5abca1e0]" name="TC003_Post_Employee_Recrd" duration-ms="25" started-at="2020-10-20T11:46:12 IST" finished-at="2020-10-20T11:46:12 IST">
          <exception class="java.lang.NumberFormatException">
            <message>
              <![CDATA[null]]>
            </message>
            <full-stacktrace>
              <![CDATA[java.lang.NumberFormatException: null
at java.lang.Integer.parseInt(Integer.java:542)
at java.lang.Integer.parseInt(Integer.java:615)
at com.employeeapi.testCases.TC003_Post_Employee_Record.TC003_Post_Employee_Recrd(TC003_Post_Employee_Record.java:123)
at sun.reflect.NativeMethodAccessorImpl.invoke0(Native Method)
at sun.reflect.NativeMethodAccessorImpl.invoke(NativeMethodAccessorImpl.java:62)
at sun.reflect.DelegatingMethodAccessorImpl.invoke(DelegatingMethodAccessorImpl.java:43)
at java.lang.reflect.Method.invoke(Method.java:498)
at org.testng.internal.MethodInvocationHelper.invokeMethod(MethodInvocationHelper.java:134)
at org.testng.internal.TestInvoker.invokeMethod(TestInvoker.java:597)
at org.testng.internal.TestInvoker.invokeTestMethod(TestInvoker.java:173)
at org.testng.internal.MethodRunner.runInSequence(MethodRunner.java:46)
at org.testng.internal.TestInvoker$MethodInvocationAgent.invoke(TestInvoker.java:816)
at org.testng.internal.TestInvoker.invokeTestMethods(TestInvoker.java:146)
at org.testng.internal.TestMethodWorker.invokeTestMethods(TestMethodWorker.java:146)
at org.testng.internal.TestMethodWorker.run(TestMethodWorker.java:128)
at java.util.ArrayList.forEach(ArrayList.java:1257)
at org.testng.TestRunner.privateRun(TestRunner.java:766)
at org.testng.TestRunner.run(TestRunner.java:587)
at org.testng.SuiteRunner.runTest(SuiteRunner.java:384)
at org.testng.SuiteRunner.runSequentially(SuiteRunner.java:378)
at org.testng.SuiteRunner.privateRun(SuiteRunner.java:337)
at org.testng.SuiteRunner.run(SuiteRunner.java:286)
at org.testng.SuiteRunnerWorker.runSuite(SuiteRunnerWorker.java:53)
at org.testng.SuiteRunnerWorker.run(SuiteRunnerWorker.java:96)
at org.testng.TestNG.runSuitesSequentially(TestNG.java:1187)
at org.testng.TestNG.runSuitesLocally(TestNG.java:1109)
at org.testng.TestNG.runSuites(TestNG.java:1039)
at org.testng.TestNG.run(TestNG.java:1007)
at org.apache.maven.surefire.testng.TestNGExecutor.run(TestNGExecutor.java:283)
at org.apache.maven.surefire.testng.TestNGXmlTestSuite.execute(TestNGXmlTestSuite.java:75)
at org.apache.maven.surefire.testng.TestNGProvider.invoke(TestNGProvider.java:120)
at org.apache.maven.surefire.booter.ForkedBooter.runSuitesInProcess(ForkedBooter.java:377)
at org.apache.maven.surefire.booter.ForkedBooter.execute(ForkedBooter.java:138)
at org.apache.maven.surefire.booter.ForkedBooter.run(ForkedBooter.java:465)
at org.apache.maven.surefire.booter.ForkedBooter.main(ForkedBooter.java:451)
]]>
            </full-stacktrace>
          </exception> <!-- java.lang.NumberFormatException -->
          <reporter-output>
          </reporter-output>
        </test-method> <!-- TC003_Post_Employee_Recrd -->
        <test-method status="PASS" signature="method(java.lang.reflect.Method)[pri:0, instance:com.employeeapi.testCases.TC003_Post_Employee_Record@5abca1e0]" name="method" is-config="true" duration-ms="0" started-at="2020-10-20T11:46:12 IST" finished-at="2020-10-20T11:46:12 IST">
          <params>
            <param index="0">
              <value>
                <![CDATA[public void com.employeeapi.testCases.TC003_Post_Employee_Record.TC003_Post_Employee_Recrd()]]>
              </value>
            </param>
          </params>
          <reporter-output>
          </reporter-output>
        </test-method> <!-- method -->
        <test-method status="PASS" signature="tearDown()[pri:0, instance:com.employeeapi.testCases.TC003_Post_Employee_Record@5abca1e0]" name="tearDown" is-config="true" duration-ms="3" started-at="2020-10-20T11:46:12 IST" finished-at="2020-10-20T11:46:12 IST">
          <reporter-output>
          </reporter-output>
        </test-method> <!-- tearDown -->
        <test-method status="PASS" signature="afterClass()[pri:0, instance:com.employeeapi.testCases.TC003_Post_Employee_Record@5abca1e0]" name="afterClass" is-config="true" duration-ms="52" started-at="2020-10-20T11:46:12 IST" finished-at="2020-10-20T11:46:12 IST">
          <reporter-output>
          </reporter-output>
        </test-method> <!-- afterClass -->
      </class> <!-- com.employeeapi.testCases.TC003_Post_Employee_Record -->
      <class name="com.employeeapi.testCases.TC001_Get_All_Employees">
        <test-method status="PASS" signature="report()[pri:0, instance:com.employeeapi.testCases.TC001_Get_All_Employees@56235b8e]" name="report" is-config="true" duration-ms="198" started-at="2020-10-20T11:45:51 IST" finished-at="2020-10-20T11:45:51 IST">
          <reporter-output>
          </reporter-output>
        </test-method> <!-- report -->
        <test-method status="PASS" signature="setup()[pri:0, instance:com.employeeapi.testCases.TC001_Get_All_Employees@56235b8e]" name="setup" is-config="true" duration-ms="82" started-at="2020-10-20T11:45:52 IST" finished-at="2020-10-20T11:45:52 IST">
          <reporter-output>
          </reporter-output>
        </test-method> <!-- setup -->
        <test-method status="PASS" signature="getAllEmployees()[pri:0, instance:com.employeeapi.testCases.TC001_Get_All_Employees@56235b8e]" name="getAllEmployees" is-config="true" duration-ms="5426" started-at="2020-10-20T11:45:52 IST" finished-at="2020-10-20T11:45:57 IST">
          <reporter-output>
          </reporter-output>
        </test-method> <!-- getAllEmployees -->
        <test-method status="PASS" signature="method(java.lang.reflect.Method)[pri:0, instance:com.employeeapi.testCases.TC001_Get_All_Employees@56235b8e]" name="method" is-config="true" duration-ms="4" started-at="2020-10-20T11:45:57 IST" finished-at="2020-10-20T11:45:57 IST">
          <params>
            <param index="0">
              <value>
                <![CDATA[public void com.employeeapi.testCases.TC001_Get_All_Employees.TC001_Get_All_Employees_D()]]>
              </value>
            </param>
          </params>
          <reporter-output>
          </reporter-output>
        </test-method> <!-- method -->
        <test-method status="PASS" signature="TC001_Get_All_Employees_D()[pri:0, instance:com.employeeapi.testCases.TC001_Get_All_Employees@56235b8e]" name="TC001_Get_All_Employees_D" duration-ms="144" started-at="2020-10-20T11:45:57 IST" finished-at="2020-10-20T11:45:57 IST">
          <reporter-output>
          </reporter-output>
        </test-method> <!-- TC001_Get_All_Employees_D -->
        <test-method status="PASS" signature="tearDown()[pri:0, instance:com.employeeapi.testCases.TC001_Get_All_Employees@56235b8e]" name="tearDown" is-config="true" duration-ms="2" started-at="2020-10-20T11:45:57 IST" finished-at="2020-10-20T11:45:57 IST">
          <reporter-output>
          </reporter-output>
        </test-method> <!-- tearDown -->
        <test-method status="PASS" signature="afterClass()[pri:0, instance:com.employeeapi.testCases.TC001_Get_All_Employees@56235b8e]" name="afterClass" is-config="true" duration-ms="516" started-at="2020-10-20T11:45:57 IST" finished-at="2020-10-20T11:45:58 IST">
          <reporter-output>
          </reporter-output>
        </test-method> <!-- afterClass -->
      </class> <!-- com.employeeapi.testCases.TC001_Get_All_Employees -->
      <class name="com.employeeapi.testCases.TC005_Delete_Employee_Record">
        <test-method status="PASS" signature="setup()[pri:0, instance:com.employeeapi.testCases.TC005_Delete_Employee_Record@4e9ba398]" name="setup" is-config="true" duration-ms="7" started-at="2020-10-20T11:46:18 IST" finished-at="2020-10-20T11:46:18 IST">
          <reporter-output>
          </reporter-output>
        </test-method> <!-- setup -->
        <test-method status="PASS" signature="deleteEmployee()[pri:0, instance:com.employeeapi.testCases.TC005_Delete_Employee_Record@4e9ba398]" name="deleteEmployee" is-config="true" duration-ms="6282" started-at="2020-10-20T11:46:18 IST" finished-at="2020-10-20T11:46:25 IST">
          <reporter-output>
          </reporter-output>
        </test-method> <!-- deleteEmployee -->
        <test-method status="PASS" signature="method(java.lang.reflect.Method)[pri:0, instance:com.employeeapi.testCases.TC005_Delete_Employee_Record@4e9ba398]" name="method" is-config="true" duration-ms="3" started-at="2020-10-20T11:46:25 IST" finished-at="2020-10-20T11:46:25 IST">
          <params>
            <param index="0">
              <value>
                <![CDATA[public void com.employeeapi.testCases.TC005_Delete_Employee_Record.TC005_Delete_Employee_Recrd()]]>
              </value>
            </param>
          </params>
          <reporter-output>
          </reporter-output>
        </test-method> <!-- method -->
        <test-method status="FAIL" signature="TC005_Delete_Employee_Recrd()[pri:0, instance:com.employeeapi.testCases.TC005_Delete_Employee_Record@4e9ba398]" name="TC005_Delete_Employee_Recrd" duration-ms="23" started-at="2020-10-20T11:46:25 IST" finished-at="2020-10-20T11:46:25 IST">
          <exception class="java.lang.NumberFormatException">
            <message>
              <![CDATA[null]]>
            </message>
            <full-stacktrace>
              <![CDATA[java.lang.NumberFormatException: null
at java.lang.Integer.parseInt(Integer.java:542)
at java.lang.Integer.parseInt(Integer.java:615)
at com.employeeapi.testCases.TC005_Delete_Employee_Record.TC005_Delete_Employee_Recrd(TC005_Delete_Employee_Record.java:105)
at sun.reflect.NativeMethodAccessorImpl.invoke0(Native Method)
at sun.reflect.NativeMethodAccessorImpl.invoke(NativeMethodAccessorImpl.java:62)
at sun.reflect.DelegatingMethodAccessorImpl.invoke(DelegatingMethodAccessorImpl.java:43)
at java.lang.reflect.Method.invoke(Method.java:498)
at org.testng.internal.MethodInvocationHelper.invokeMethod(MethodInvocationHelper.java:134)
at org.testng.internal.TestInvoker.invokeMethod(TestInvoker.java:597)
at org.testng.internal.TestInvoker.invokeTestMethod(TestInvoker.java:173)
at org.testng.internal.MethodRunner.runInSequence(MethodRunner.java:46)
at org.testng.internal.TestInvoker$MethodInvocationAgent.invoke(TestInvoker.java:816)
at org.testng.internal.TestInvoker.invokeTestMethods(TestInvoker.java:146)
at org.testng.internal.TestMethodWorker.invokeTestMethods(TestMethodWorker.java:146)
at org.testng.internal.TestMethodWorker.run(TestMethodWorker.java:128)
at java.util.ArrayList.forEach(ArrayList.java:1257)
at org.testng.TestRunner.privateRun(TestRunner.java:766)
at org.testng.TestRunner.run(TestRunner.java:587)
at org.testng.SuiteRunner.runTest(SuiteRunner.java:384)
at org.testng.SuiteRunner.runSequentially(SuiteRunner.java:378)
at org.testng.SuiteRunner.privateRun(SuiteRunner.java:337)
at org.testng.SuiteRunner.run(SuiteRunner.java:286)
at org.testng.SuiteRunnerWorker.runSuite(SuiteRunnerWorker.java:53)
at org.testng.SuiteRunnerWorker.run(SuiteRunnerWorker.java:96)
at org.testng.TestNG.runSuitesSequentially(TestNG.java:1187)
at org.testng.TestNG.runSuitesLocally(TestNG.java:1109)
at org.testng.TestNG.runSuites(TestNG.java:1039)
at org.testng.TestNG.run(TestNG.java:1007)
at org.apache.maven.surefire.testng.TestNGExecutor.run(TestNGExecutor.java:283)
at org.apache.maven.surefire.testng.TestNGXmlTestSuite.execute(TestNGXmlTestSuite.java:75)
at org.apache.maven.surefire.testng.TestNGProvider.invoke(TestNGProvider.java:120)
at org.apache.maven.surefire.booter.ForkedBooter.runSuitesInProcess(ForkedBooter.java:377)
at org.apache.maven.surefire.booter.ForkedBooter.execute(ForkedBooter.java:138)
at org.apache.maven.surefire.booter.ForkedBooter.run(ForkedBooter.java:465)
at org.apache.maven.surefire.booter.ForkedBooter.main(ForkedBooter.java:451)
]]>
            </full-stacktrace>
          </exception> <!-- java.lang.NumberFormatException -->
          <reporter-output>
          </reporter-output>
        </test-method> <!-- TC005_Delete_Employee_Recrd -->
        <test-method status="PASS" signature="tearDown()[pri:0, instance:com.employeeapi.testCases.TC005_Delete_Employee_Record@4e9ba398]" name="tearDown" is-config="true" duration-ms="0" started-at="2020-10-20T11:46:25 IST" finished-at="2020-10-20T11:46:25 IST">
          <reporter-output>
          </reporter-output>
        </test-method> <!-- tearDown -->
        <test-method status="PASS" signature="afterClass()[pri:0, instance:com.employeeapi.testCases.TC005_Delete_Employee_Record@4e9ba398]" name="afterClass" is-config="true" duration-ms="34" started-at="2020-10-20T11:46:25 IST" finished-at="2020-10-20T11:46:25 IST">
          <reporter-output>
          </reporter-output>
        </test-method> <!-- afterClass -->
      </class> <!-- com.employeeapi.testCases.TC005_Delete_Employee_Record -->
      <class name="com.employeeapi.testCases.TC004_Put_Employee_Record">
        <test-method status="PASS" signature="setup()[pri:0, instance:com.employeeapi.testCases.TC004_Put_Employee_Record@2286778]" name="setup" is-config="true" duration-ms="7" started-at="2020-10-20T11:46:12 IST" finished-at="2020-10-20T11:46:12 IST">
          <reporter-output>
          </reporter-output>
        </test-method> <!-- setup -->
        <test-method status="PASS" signature="updateEmployee()[pri:0, instance:com.employeeapi.testCases.TC004_Put_Employee_Record@2286778]" name="updateEmployee" is-config="true" duration-ms="6138" started-at="2020-10-20T11:46:12 IST" finished-at="2020-10-20T11:46:18 IST">
          <reporter-output>
          </reporter-output>
        </test-method> <!-- updateEmployee -->
        <test-method status="PASS" signature="method(java.lang.reflect.Method)[pri:0, instance:com.employeeapi.testCases.TC004_Put_Employee_Record@2286778]" name="method" is-config="true" duration-ms="2" started-at="2020-10-20T11:46:18 IST" finished-at="2020-10-20T11:46:18 IST">
          <params>
            <param index="0">
              <value>
                <![CDATA[public void com.employeeapi.testCases.TC004_Put_Employee_Record.TC004_Put_Employee_Recrd()]]>
              </value>
            </param>
          </params>
          <reporter-output>
          </reporter-output>
        </test-method> <!-- method -->
        <test-method status="FAIL" signature="TC004_Put_Employee_Recrd()[pri:0, instance:com.employeeapi.testCases.TC004_Put_Employee_Record@2286778]" name="TC004_Put_Employee_Recrd" duration-ms="19" started-at="2020-10-20T11:46:18 IST" finished-at="2020-10-20T11:46:18 IST">
          <exception class="java.lang.NumberFormatException">
            <message>
              <![CDATA[null]]>
            </message>
            <full-stacktrace>
              <![CDATA[java.lang.NumberFormatException: null
at java.lang.Integer.parseInt(Integer.java:542)
at java.lang.Integer.parseInt(Integer.java:615)
at com.employeeapi.testCases.TC004_Put_Employee_Record.TC004_Put_Employee_Recrd(TC004_Put_Employee_Record.java:123)
at sun.reflect.NativeMethodAccessorImpl.invoke0(Native Method)
at sun.reflect.NativeMethodAccessorImpl.invoke(NativeMethodAccessorImpl.java:62)
at sun.reflect.DelegatingMethodAccessorImpl.invoke(DelegatingMethodAccessorImpl.java:43)
at java.lang.reflect.Method.invoke(Method.java:498)
at org.testng.internal.MethodInvocationHelper.invokeMethod(MethodInvocationHelper.java:134)
at org.testng.internal.TestInvoker.invokeMethod(TestInvoker.java:597)
at org.testng.internal.TestInvoker.invokeTestMethod(TestInvoker.java:173)
at org.testng.internal.MethodRunner.runInSequence(MethodRunner.java:46)
at org.testng.internal.TestInvoker$MethodInvocationAgent.invoke(TestInvoker.java:816)
at org.testng.internal.TestInvoker.invokeTestMethods(TestInvoker.java:146)
at org.testng.internal.TestMethodWorker.invokeTestMethods(TestMethodWorker.java:146)
at org.testng.internal.TestMethodWorker.run(TestMethodWorker.java:128)
at java.util.ArrayList.forEach(ArrayList.java:1257)
at org.testng.TestRunner.privateRun(TestRunner.java:766)
at org.testng.TestRunner.run(TestRunner.java:587)
at org.testng.SuiteRunner.runTest(SuiteRunner.java:384)
at org.testng.SuiteRunner.runSequentially(SuiteRunner.java:378)
at org.testng.SuiteRunner.privateRun(SuiteRunner.java:337)
at org.testng.SuiteRunner.run(SuiteRunner.java:286)
at org.testng.SuiteRunnerWorker.runSuite(SuiteRunnerWorker.java:53)
at org.testng.SuiteRunnerWorker.run(SuiteRunnerWorker.java:96)
at org.testng.TestNG.runSuitesSequentially(TestNG.java:1187)
at org.testng.TestNG.runSuitesLocally(TestNG.java:1109)
at org.testng.TestNG.runSuites(TestNG.java:1039)
at org.testng.TestNG.run(TestNG.java:1007)
at org.apache.maven.surefire.testng.TestNGExecutor.run(TestNGExecutor.java:283)
at org.apache.maven.surefire.testng.TestNGXmlTestSuite.execute(TestNGXmlTestSuite.java:75)
at org.apache.maven.surefire.testng.TestNGProvider.invoke(TestNGProvider.java:120)
at org.apache.maven.surefire.booter.ForkedBooter.runSuitesInProcess(ForkedBooter.java:377)
at org.apache.maven.surefire.booter.ForkedBooter.execute(ForkedBooter.java:138)
at org.apache.maven.surefire.booter.ForkedBooter.run(ForkedBooter.java:465)
at org.apache.maven.surefire.booter.ForkedBooter.main(ForkedBooter.java:451)
]]>
            </full-stacktrace>
          </exception> <!-- java.lang.NumberFormatException -->
          <reporter-output>
          </reporter-output>
        </test-method> <!-- TC004_Put_Employee_Recrd -->
        <test-method status="PASS" signature="tearDown()[pri:0, instance:com.employeeapi.testCases.TC004_Put_Employee_Record@2286778]" name="tearDown" is-config="true" duration-ms="1" started-at="2020-10-20T11:46:18 IST" finished-at="2020-10-20T11:46:18 IST">
          <reporter-output>
          </reporter-output>
        </test-method> <!-- tearDown -->
        <test-method status="PASS" signature="afterClass()[pri:0, instance:com.employeeapi.testCases.TC004_Put_Employee_Record@2286778]" name="afterClass" is-config="true" duration-ms="45" started-at="2020-10-20T11:46:18 IST" finished-at="2020-10-20T11:46:18 IST">
          <reporter-output>
          </reporter-output>
        </test-method> <!-- afterClass -->
      </class> <!-- com.employeeapi.testCases.TC004_Put_Employee_Record -->
      <class name="com.employeeapi.testCases.TC002_Get_Single_Employee_Record">
        <test-method status="PASS" signature="setup()[pri:0, instance:com.employeeapi.testCases.TC002_Get_Single_Employee_Record@3632be31]" name="setup" is-config="true" duration-ms="4" started-at="2020-10-20T11:45:58 IST" finished-at="2020-10-20T11:45:58 IST">
          <reporter-output>
          </reporter-output>
        </test-method> <!-- setup -->
        <test-method status="PASS" signature="getEmployeeData()[pri:0, instance:com.employeeapi.testCases.TC002_Get_Single_Employee_Record@3632be31]" name="getEmployeeData" is-config="true" duration-ms="8122" started-at="2020-10-20T11:45:58 IST" finished-at="2020-10-20T11:46:06 IST">
          <reporter-output>
          </reporter-output>
        </test-method> <!-- getEmployeeData -->
        <test-method status="PASS" signature="TC002_Get_Single_Employee_Recrd()[pri:0, instance:com.employeeapi.testCases.TC002_Get_Single_Employee_Record@3632be31]" name="TC002_Get_Single_Employee_Recrd" duration-ms="11" started-at="2020-10-20T11:46:06 IST" finished-at="2020-10-20T11:46:06 IST">
          <reporter-output>
          </reporter-output>
        </test-method> <!-- TC002_Get_Single_Employee_Recrd -->
        <test-method status="PASS" signature="method(java.lang.reflect.Method)[pri:0, instance:com.employeeapi.testCases.TC002_Get_Single_Employee_Record@3632be31]" name="method" is-config="true" duration-ms="0" started-at="2020-10-20T11:46:06 IST" finished-at="2020-10-20T11:46:06 IST">
          <params>
            <param index="0">
              <value>
                <![CDATA[public void com.employeeapi.testCases.TC002_Get_Single_Employee_Record.TC002_Get_Single_Employee_Recrd()]]>
              </value>
            </param>
          </params>
          <reporter-output>
          </reporter-output>
        </test-method> <!-- method -->
        <test-method status="PASS" signature="tearDown()[pri:0, instance:com.employeeapi.testCases.TC002_Get_Single_Employee_Record@3632be31]" name="tearDown" is-config="true" duration-ms="8" started-at="2020-10-20T11:46:06 IST" finished-at="2020-10-20T11:46:06 IST">
          <reporter-output>
          </reporter-output>
        </test-method> <!-- tearDown -->
        <test-method status="PASS" signature="afterClass()[pri:0, instance:com.employeeapi.testCases.TC002_Get_Single_Employee_Record@3632be31]" name="afterClass" is-config="true" duration-ms="42" started-at="2020-10-20T11:46:06 IST" finished-at="2020-10-20T11:46:06 IST">
          <reporter-output>
          </reporter-output>
        </test-method> <!-- afterClass -->
      </class> <!-- com.employeeapi.testCases.TC002_Get_Single_Employee_Record -->
    </test> <!-- EmployeesRestAPITest -->
  </suite> <!-- EmployeesRestAPISuite -->
</testng-results>
