<?xml version="1.0" encoding="UTF-8"?>
<testsuite xmlns:xsi="http://www.w3.org/2001/XMLSchema-instance" xsi:noNamespaceSchemaLocation="https://maven.apache.org/surefire/maven-surefire-plugin/xsd/surefire-test-report-3.0.xsd" version="3.0" name="TestSuite" time="34.287" tests="5" errors="0" skipped="0" failures="3">
  <properties>
[...]
</properties>
  <testcase name="TC001_Get_All_Employees_D" classname="com.employeeapi.testCases.TC001_Get_All_Employees" time="0.149"/>
  <testcase name="TC002_Get_Single_Employee_Recrd" classname="com.employeeapi.testCases.TC002_Get_Single_Employee_Record" time="0.026"/>
  <testcase name="TC003_Post_Employee_Recrd" classname="com.employeeapi.testCases.TC003_Post_Employee_Record" time="0.036">
    <failure message="null" type="java.lang.NumberFormatException"><![CDATA[java.lang.NumberFormatException: null
	at com.employeeapi.testCases.TC003_Post_Employee_Record.TC003_Post_Employee_Recrd(TC003_Post_Employee_Record.java:123)
]]></failure>
    <system-out><![CDATA[2020-10-20 11:46:06 INFO  EmployeesRestAPI:109 - *********  Finished TC002_Get_Single_Employee_Record **********
2020-10-20 11:46:06 INFO  EmployeesRestAPI:36 - *********Started TC003_Post_Employee_Record **********
2020-10-20 11:46:12 INFO  EmployeesRestAPI:68 - *********checkResposeBody **********
2020-10-20 11:46:12 INFO  EmployeesRestAPI:78 - *********check Status Code**********
2020-10-20 11:46:12 INFO  EmployeesRestAPI:85 - *********check Respose Time**********
2020-10-20 11:46:12 INFO  EmployeesRestAPI:93 - *********check status Line**********
2020-10-20 11:46:12 INFO  EmployeesRestAPI:99 - ***********  Checking Content Type **********
2020-10-20 11:46:12 INFO  EmployeesRestAPI:104 - Content type is ==>text/html; charset=UTF-8
2020-10-20 11:46:12 INFO  EmployeesRestAPI:107 - ***********  Checking Server Type **********
2020-10-20 11:46:12 INFO  EmployeesRestAPI:112 - Server Type is =>nginx/1.16.0
2020-10-20 11:46:12 INFO  EmployeesRestAPI:116 - ***********  Checking Content Lenght**********
2020-10-20 11:46:12 INFO  EmployeesRestAPI:121 - Content Length is==>null
]]></system-out>
  </testcase>
  <testcase name="TC004_Put_Employee_Recrd" classname="com.employeeapi.testCases.TC004_Put_Employee_Record" time="0.019">
    <failure message="null" type="java.lang.NumberFormatException"><![CDATA[java.lang.NumberFormatException: null
	at com.employeeapi.testCases.TC004_Put_Employee_Record.TC004_Put_Employee_Recrd(TC004_Put_Employee_Record.java:123)
]]></failure>
    <system-out><![CDATA[2020-10-20 11:46:12 INFO  EmployeesRestAPI:135 - *********tearDown **********
2020-10-20 11:46:12 INFO  EmployeesRestAPI:136 - *********  Finished TC003_Post_Employee_Record **********
2020-10-20 11:46:12 INFO  EmployeesRestAPI:36 - *********Started TC004_Put_Employee_Record **********
2020-10-20 11:46:18 INFO  EmployeesRestAPI:68 - *********checkResposeBody **********
2020-10-20 11:46:18 INFO  EmployeesRestAPI:78 - *********check Status Code**********
2020-10-20 11:46:18 INFO  EmployeesRestAPI:85 - *********check Respose Time**********
2020-10-20 11:46:18 INFO  EmployeesRestAPI:93 - *********check status Line**********
2020-10-20 11:46:18 INFO  EmployeesRestAPI:99 - ***********  Checking Content Type **********
2020-10-20 11:46:18 INFO  EmployeesRestAPI:104 - Content type is ==>text/html; charset=UTF-8
2020-10-20 11:46:18 INFO  EmployeesRestAPI:107 - ***********  Checking Server Type **********
2020-10-20 11:46:18 INFO  EmployeesRestAPI:112 - Server Type is =>nginx/1.16.0
2020-10-20 11:46:18 INFO  EmployeesRestAPI:116 - ***********  Checking Content Lenght**********
2020-10-20 11:46:18 INFO  EmployeesRestAPI:121 - Content Length is==>null
]]></system-out>
  </testcase>
  <testcase name="TC005_Delete_Employee_Recrd" classname="com.employeeapi.testCases.TC005_Delete_Employee_Record" time="0.021">
    <failure message="null" type="java.lang.NumberFormatException"><![CDATA[java.lang.NumberFormatException: null
	at com.employeeapi.testCases.TC005_Delete_Employee_Record.TC005_Delete_Employee_Recrd(TC005_Delete_Employee_Record.java:105)
]]></failure>
    <system-out><![CDATA[2020-10-20 11:46:18 INFO  EmployeesRestAPI:132 - *********  Finished TC004_Put_Employee_Record **********
2020-10-20 11:46:18 INFO  EmployeesRestAPI:30 - *********Started TC005_Delete_Employee_Record **********
2020-10-20 11:46:25 INFO  EmployeesRestAPI:54 - *********checkResposeBody **********
2020-10-20 11:46:25 INFO  EmployeesRestAPI:60 - *********check Status Code**********
2020-10-20 11:46:25 INFO  EmployeesRestAPI:67 - *********check Respose Time**********
2020-10-20 11:46:25 INFO  EmployeesRestAPI:75 - *********check status Line**********
2020-10-20 11:46:25 INFO  EmployeesRestAPI:81 - ***********  Checking Content Type **********
2020-10-20 11:46:25 INFO  EmployeesRestAPI:86 - Content type is ==>text/html; charset=UTF-8
2020-10-20 11:46:25 INFO  EmployeesRestAPI:89 - ***********  Checking Server Type **********
2020-10-20 11:46:25 INFO  EmployeesRestAPI:94 - Server Type is =>nginx/1.16.0
2020-10-20 11:46:25 INFO  EmployeesRestAPI:98 - ***********  Checking Content Lenght**********
2020-10-20 11:46:25 INFO  EmployeesRestAPI:103 - Content Length is==>null
]]></system-out>
  </testcase>
</testsuite>